# JRE version: 7.0_11-b21
# Java VM: Java HotSpot(TM) 64-Bit Server VM (23.6-b04 mixed mode windows-amd64 compressed oops)
Heap
 PSYoungGen      total 45056K, used 40571K [0x00000000fa000000, 0x00000000fd650000, 0x0000000100000000)
  eden space 44800K, 90% used [0x00000000fa000000,0x00000000fc766c10,0x00000000fcbc0000)
  from space 256K, 87% used [0x00000000fd610000,0x00000000fd648000,0x00000000fd650000)
  to   space 2432K, 0% used [0x00000000fd190000,0x00000000fd190000,0x00000000fd3f0000)
 ParOldGen       total 108736K, used 83209K [0x00000000e8000000, 0x00000000eea30000, 0x00000000fa000000)
  object space 108736K, 76% used [0x00000000e8000000,0x00000000ed142410,0x00000000eea30000)
 PSPermGen       total 92608K, used 64808K [0x00000000e0000000, 0x00000000e5a70000, 0x00000000e8000000)
  object space 92608K, 69% used [0x00000000e0000000,0x00000000e3f4a270,0x00000000e5a70000)
GC Heap History (10 events):
Event: 98911.165 GC heap before
{Heap before GC invocations=1614 (full 10):
 PSYoungGen      total 53760K, used 53727K [0x00000000fa000000, 0x00000000fdd60000, 0x0000000100000000)
  eden space 52480K, 100% used [0x00000000fa000000,0x00000000fd340000,0x00000000fd340000)
  from space 1280K, 97% used [0x00000000fd870000,0x00000000fd9a7fb8,0x00000000fd9b0000)
  to   space 2560K, 0% used [0x00000000fdae0000,0x00000000fdae0000,0x00000000fdd60000)
 ParOldGen       total 108736K, used 82166K [0x00000000e8000000, 0x00000000eea30000, 0x00000000fa000000)
  object space 108736K, 75% used [0x00000000e8000000,0x00000000ed03d898,0x00000000eea30000)
 PSPermGen       total 92608K, used 64803K [0x00000000e0000000, 0x00000000e5a70000, 0x00000000e8000000)
  object space 92608K, 69% used [0x00000000e0000000,0x00000000e3f48c00,0x00000000e5a70000)
Event: 98911.168 GC heap after
Heap after GC invocations=1614 (full 10):
 PSYoungGen      total 51008K, used 192K [0x00000000fa000000, 0x00000000fdb10000, 0x0000000100000000)
  eden space 50816K, 0% used [0x00000000fa000000,0x00000000fa000000,0x00000000fd1a0000)
  from space 192K, 100% used [0x00000000fdae0000,0x00000000fdb10000,0x00000000fdb10000)
  to   space 2624K, 0% used [0x00000000fd5f0000,0x00000000fd5f0000,0x00000000fd880000)
 ParOldGen       total 108736K, used 83185K [0x00000000e8000000, 0x00000000eea30000, 0x00000000fa000000)
  object space 108736K, 76% used [0x00000000e8000000,0x00000000ed13c410,0x00000000eea30000)
 PSPermGen       total 92608K, used 64803K [0x00000000e0000000, 0x00000000e5a70000, 0x00000000e8000000)
  object space 92608K, 69% used [0x00000000e0000000,0x00000000e3f48c00,0x00000000e5a70000)
}
Event: 98971.172 GC heap before
{Heap before GC invocations=1615 (full 10):
 PSYoungGen      total 51008K, used 51008K [0x00000000fa000000, 0x00000000fdb10000, 0x0000000100000000)
  eden space 50816K, 100% used [0x00000000fa000000,0x00000000fd1a0000,0x00000000fd1a0000)
  from space 192K, 100% used [0x00000000fdae0000,0x00000000fdb10000,0x00000000fdb10000)
  to   space 2624K, 0% used [0x00000000fd5f0000,0x00000000fd5f0000,0x00000000fd880000)
 ParOldGen       total 108736K, used 83185K [0x00000000e8000000, 0x00000000eea30000, 0x00000000fa000000)
  object space 108736K, 76% used [0x00000000e8000000,0x00000000ed13c410,0x00000000eea30000)
 PSPermGen       total 92608K, used 64806K [0x00000000e0000000, 0x00000000e5a70000, 0x00000000e8000000)
  object space 92608K, 69% used [0x00000000e0000000,0x00000000e3f49870,0x00000000e5a70000)
Event: 98971.178 GC heap after
Heap after GC invocations=1615 (full 10):
 PSYoungGen      total 49536K, used 320K [0x00000000fa000000, 0x00000000fdaf0000, 0x0000000100000000)
  eden space 49216K, 0% used [0x00000000fa000000,0x00000000fa000000,0x00000000fd010000)
  from space 320K, 100% used [0x00000000fd5f0000,0x00000000fd640000,0x00000000fd640000)
  to   space 2560K, 0% used [0x00000000fd870000,0x00000000fd870000,0x00000000fdaf0000)
 ParOldGen       total 108736K, used 83209K [0x00000000e8000000, 0x00000000eea30000, 0x00000000fa000000)
  object space 108736K, 76% used [0x00000000e8000000,0x00000000ed142410,0x00000000eea30000)
 PSPermGen       total 92608K, used 64806K [0x00000000e0000000, 0x00000000e5a70000, 0x00000000e8000000)
  object space 92608K, 69% used [0x00000000e0000000,0x00000000e3f49870,0x00000000e5a70000)
}
Event: 99088.168 GC heap before
{Heap before GC invocations=1616 (full 10):
 PSYoungGen      total 49536K, used 49536K [0x00000000fa000000, 0x00000000fdaf0000, 0x0000000100000000)
  eden space 49216K, 100% used [0x00000000fa000000,0x00000000fd010000,0x00000000fd010000)
  from space 320K, 100% used [0x00000000fd5f0000,0x00000000fd640000,0x00000000fd640000)
  to   space 2560K, 0% used [0x00000000fd870000,0x00000000fd870000,0x00000000fdaf0000)
 ParOldGen       total 108736K, used 83209K [0x00000000e8000000, 0x00000000eea30000, 0x00000000fa000000)
  object space 108736K, 76% used [0x00000000e8000000,0x00000000ed142410,0x00000000eea30000)
 PSPermGen       total 92608K, used 64806K [0x00000000e0000000, 0x00000000e5a70000, 0x00000000e8000000)
  object space 92608K, 69% used [0x00000000e0000000,0x00000000e3f49870,0x00000000e5a70000)
Event: 99088.174 GC heap after
Heap after GC invocations=1616 (full 10):
 PSYoungGen      total 47936K, used 224K [0x00000000fa000000, 0x00000000fd8b0000, 0x0000000100000000)
  eden space 47680K, 0% used [0x00000000fa000000,0x00000000fa000000,0x00000000fce90000)
  from space 256K, 87% used [0x00000000fd870000,0x00000000fd8a8000,0x00000000fd8b0000)
  to   space 2560K, 0% used [0x00000000fd3b0000,0x00000000fd3b0000,0x00000000fd630000)
 ParOldGen       total 108736K, used 83209K [0x00000000e8000000, 0x00000000eea30000, 0x00000000fa000000)
  object space 108736K, 76% used [0x00000000e8000000,0x00000000ed142410,0x00000000eea30000)
 PSPermGen       total 92608K, used 64806K [0x00000000e0000000, 0x00000000e5a70000, 0x00000000e8000000)
  object space 92608K, 69% used [0x00000000e0000000,0x00000000e3f49870,0x00000000e5a70000)
}
Event: 99199.167 GC heap before
{Heap before GC invocations=1617 (full 10):
 PSYoungGen      total 47936K, used 47904K [0x00000000fa000000, 0x00000000fd8b0000, 0x0000000100000000)
  eden space 47680K, 100% used [0x00000000fa000000,0x00000000fce90000,0x00000000fce90000)
  from space 256K, 87% used [0x00000000fd870000,0x00000000fd8a8000,0x00000000fd8b0000)
  to   space 2560K, 0% used [0x00000000fd3b0000,0x00000000fd3b0000,0x00000000fd630000)
 ParOldGen       total 108736K, used 83209K [0x00000000e8000000, 0x00000000eea30000, 0x00000000fa000000)
  object space 108736K, 76% used [0x00000000e8000000,0x00000000ed142410,0x00000000eea30000)
 PSPermGen       total 92608K, used 64808K [0x00000000e0000000, 0x00000000e5a70000, 0x00000000e8000000)
  object space 92608K, 69% used [0x00000000e0000000,0x00000000e3f4a270,0x00000000e5a70000)
Event: 99199.173 GC heap after
Heap after GC invocations=1617 (full 10):
 PSYoungGen      total 46464K, used 224K [0x00000000fa000000, 0x00000000fd880000, 0x0000000100000000)
  eden space 46208K, 0% used [0x00000000fa000000,0x00000000fa000000,0x00000000fcd20000)
  from space 256K, 87% used [0x00000000fd3b0000,0x00000000fd3e8000,0x00000000fd3f0000)
  to   space 2496K, 0% used [0x00000000fd610000,0x00000000fd610000,0x00000000fd880000)
 ParOldGen       total 108736K, used 83209K [0x00000000e8000000, 0x00000000eea30000, 0x00000000fa000000)
  object space 108736K, 76% used [0x00000000e8000000,0x00000000ed142410,0x00000000eea30000)
 PSPermGen       total 92608K, used 64808K [0x00000000e0000000, 0x00000000e5a70000, 0x00000000e8000000)
  object space 92608K, 69% used [0x00000000e0000000,0x00000000e3f4a270,0x00000000e5a70000)
}
Event: 99310.168 GC heap before
{Heap before GC invocations=1618 (full 10):
 PSYoungGen      total 46464K, used 46432K [0x00000000fa000000, 0x00000000fd880000, 0x0000000100000000)
  eden space 46208K, 100% used [0x00000000fa000000,0x00000000fcd20000,0x00000000fcd20000)
  from space 256K, 87% used [0x00000000fd3b0000,0x00000000fd3e8000,0x00000000fd3f0000)
  to   space 2496K, 0% used [0x00000000fd610000,0x00000000fd610000,0x00000000fd880000)
 ParOldGen       total 108736K, used 83209K [0x00000000e8000000, 0x00000000eea30000, 0x00000000fa000000)
  object space 108736K, 76% used [0x00000000e8000000,0x00000000ed142410,0x00000000eea30000)
 PSPermGen       total 92608K, used 64808K [0x00000000e0000000, 0x00000000e5a70000, 0x00000000e8000000)
  object space 92608K, 69% used [0x00000000e0000000,0x00000000e3f4a270,0x00000000e5a70000)
Event: 99310.176 GC heap after
Heap after GC invocations=1618 (full 10):
 PSYoungGen      total 45056K, used 224K [0x00000000fa000000, 0x00000000fd650000, 0x0000000100000000)
  eden space 44800K, 0% used [0x00000000fa000000,0x00000000fa000000,0x00000000fcbc0000)
  from space 256K, 87% used [0x00000000fd610000,0x00000000fd648000,0x00000000fd650000)
  to   space 2432K, 0% used [0x00000000fd190000,0x00000000fd190000,0x00000000fd3f0000)
 ParOldGen       total 108736K, used 83209K [0x00000000e8000000, 0x00000000eea30000, 0x00000000fa000000)
  object space 108736K, 76% used [0x00000000e8000000,0x00000000ed142410,0x00000000eea30000)
 PSPermGen       total 92608K, used 64808K [0x00000000e0000000, 0x00000000e5a70000, 0x00000000e8000000)
  object space 92608K, 69% used [0x00000000e0000000,0x00000000e3f4a270,0x00000000e5a70000)
}

