# JRE version: 7.0_11-b21
# Java VM: Java HotSpot(TM) 64-Bit Server VM (23.6-b04 mixed mode windows-amd64 compressed oops)
Heap
 PSYoungGen      total 74880K, used 62863K [0x00000000fa000000, 0x00000000ff740000, 0x0000000100000000)
  eden space 66944K, 92% used [0x00000000fa000000,0x00000000fdc2aa70,0x00000000fe160000)
  from space 7936K, 15% used [0x00000000fef80000,0x00000000ff0b9338,0x00000000ff740000)
  to   space 11200K, 0% used [0x00000000fe160000,0x00000000fe160000,0x00000000fec50000)
 ParOldGen       total 109760K, used 90630K [0x00000000e8000000, 0x00000000eeb30000, 0x00000000fa000000)
  object space 109760K, 82% used [0x00000000e8000000,0x00000000ed8819a0,0x00000000eeb30000)
 PSPermGen       total 114624K, used 62153K [0x00000000e0000000, 0x00000000e6ff0000, 0x00000000e8000000)
  object space 114624K, 54% used [0x00000000e0000000,0x00000000e3cb2400,0x00000000e6ff0000)
GC Heap History (10 events):
Event: 2893.150 GC heap before
{Heap before GC invocations=99 (full 5):
 PSYoungGen      total 71360K, used 71328K [0x00000000fa000000, 0x00000000fff90000, 0x0000000100000000)
  eden space 71104K, 100% used [0x00000000fa000000,0x00000000fe570000,0x00000000fe570000)
  from space 256K, 87% used [0x00000000fe570000,0x00000000fe5a8000,0x00000000fe5b0000)
  to   space 13376K, 0% used [0x00000000ff280000,0x00000000ff280000,0x00000000fff90000)
 ParOldGen       total 109760K, used 90606K [0x00000000e8000000, 0x00000000eeb30000, 0x00000000fa000000)
  object space 109760K, 82% used [0x00000000e8000000,0x00000000ed87b9a0,0x00000000eeb30000)
 PSPermGen       total 114624K, used 62131K [0x00000000e0000000, 0x00000000e6ff0000, 0x00000000e8000000)
  object space 114624K, 54% used [0x00000000e0000000,0x00000000e3cacc98,0x00000000e6ff0000)
Event: 2893.152 GC heap after
Heap after GC invocations=99 (full 5):
 PSYoungGen      total 84800K, used 224K [0x00000000fa000000, 0x0000000100000000, 0x0000000100000000)
  eden space 71424K, 0% used [0x00000000fa000000,0x00000000fa000000,0x00000000fe5c0000)
  from space 13376K, 1% used [0x00000000ff280000,0x00000000ff2b8000,0x00000000fff90000)
  to   space 13056K, 0% used [0x00000000fe5c0000,0x00000000fe5c0000,0x00000000ff280000)
 ParOldGen       total 109760K, used 90622K [0x00000000e8000000, 0x00000000eeb30000, 0x00000000fa000000)
  object space 109760K, 82% used [0x00000000e8000000,0x00000000ed87f9a0,0x00000000eeb30000)
 PSPermGen       total 114624K, used 62131K [0x00000000e0000000, 0x00000000e6ff0000, 0x00000000e8000000)
  object space 114624K, 54% used [0x00000000e0000000,0x00000000e3cacc98,0x00000000e6ff0000)
}
Event: 3016.150 GC heap before
{Heap before GC invocations=100 (full 5):
 PSYoungGen      total 84800K, used 71648K [0x00000000fa000000, 0x0000000100000000, 0x0000000100000000)
  eden space 71424K, 100% used [0x00000000fa000000,0x00000000fe5c0000,0x00000000fe5c0000)
  from space 13376K, 1% used [0x00000000ff280000,0x00000000ff2b8000,0x00000000fff90000)
  to   space 13056K, 0% used [0x00000000fe5c0000,0x00000000fe5c0000,0x00000000ff280000)
 ParOldGen       total 109760K, used 90622K [0x00000000e8000000, 0x00000000eeb30000, 0x00000000fa000000)
  object space 109760K, 82% used [0x00000000e8000000,0x00000000ed87f9a0,0x00000000eeb30000)
 PSPermGen       total 114624K, used 62131K [0x00000000e0000000, 0x00000000e6ff0000, 0x00000000e8000000)
  object space 114624K, 54% used [0x00000000e0000000,0x00000000e3cacc98,0x00000000e6ff0000)
Event: 3016.154 GC heap after
Heap after GC invocations=100 (full 5):
 PSYoungGen      total 84480K, used 224K [0x00000000fa000000, 0x00000000fff10000, 0x0000000100000000)
  eden space 71424K, 0% used [0x00000000fa000000,0x00000000fa000000,0x00000000fe5c0000)
  from space 13056K, 1% used [0x00000000fe5c0000,0x00000000fe5f8000,0x00000000ff280000)
  to   space 12736K, 0% used [0x00000000ff2a0000,0x00000000ff2a0000,0x00000000fff10000)
 ParOldGen       total 109760K, used 90630K [0x00000000e8000000, 0x00000000eeb30000, 0x00000000fa000000)
  object space 109760K, 82% used [0x00000000e8000000,0x00000000ed8819a0,0x00000000eeb30000)
 PSPermGen       total 114624K, used 62131K [0x00000000e0000000, 0x00000000e6ff0000, 0x00000000e8000000)
  object space 114624K, 54% used [0x00000000e0000000,0x00000000e3cacc98,0x00000000e6ff0000)
}
Event: 3136.155 GC heap before
{Heap before GC invocations=101 (full 5):
 PSYoungGen      total 84480K, used 71648K [0x00000000fa000000, 0x00000000fff10000, 0x0000000100000000)
  eden space 71424K, 100% used [0x00000000fa000000,0x00000000fe5c0000,0x00000000fe5c0000)
  from space 13056K, 1% used [0x00000000fe5c0000,0x00000000fe5f8000,0x00000000ff280000)
  to   space 12736K, 0% used [0x00000000ff2a0000,0x00000000ff2a0000,0x00000000fff10000)
 ParOldGen       total 109760K, used 90630K [0x00000000e8000000, 0x00000000eeb30000, 0x00000000fa000000)
  object space 109760K, 82% used [0x00000000e8000000,0x00000000ed8819a0,0x00000000eeb30000)
 PSPermGen       total 114624K, used 62131K [0x00000000e0000000, 0x00000000e6ff0000, 0x00000000e8000000)
  object space 114624K, 54% used [0x00000000e0000000,0x00000000e3caceb0,0x00000000e6ff0000)
Event: 3136.162 GC heap after
Heap after GC invocations=101 (full 5):
 PSYoungGen      total 84800K, used 288K [0x00000000fa000000, 0x00000000ffed0000, 0x0000000100000000)
  eden space 72320K, 0% used [0x00000000fa000000,0x00000000fa000000,0x00000000fe6a0000)
  from space 12480K, 2% used [0x00000000ff2a0000,0x00000000ff2e8000,0x00000000ffed0000)
  to   space 12288K, 0% used [0x00000000fe6a0000,0x00000000fe6a0000,0x00000000ff2a0000)
 ParOldGen       total 109760K, used 90630K [0x00000000e8000000, 0x00000000eeb30000, 0x00000000fa000000)
  object space 109760K, 82% used [0x00000000e8000000,0x00000000ed8819a0,0x00000000eeb30000)
 PSPermGen       total 114624K, used 62131K [0x00000000e0000000, 0x00000000e6ff0000, 0x00000000e8000000)
  object space 114624K, 54% used [0x00000000e0000000,0x00000000e3caceb0,0x00000000e6ff0000)
}
Event: 3257.045 GC heap before
{Heap before GC invocations=102 (full 5):
 PSYoungGen      total 84800K, used 72608K [0x00000000fa000000, 0x00000000ffed0000, 0x0000000100000000)
  eden space 72320K, 100% used [0x00000000fa000000,0x00000000fe6a0000,0x00000000fe6a0000)
  from space 12480K, 2% used [0x00000000ff2a0000,0x00000000ff2e8000,0x00000000ffed0000)
  to   space 12288K, 0% used [0x00000000fe6a0000,0x00000000fe6a0000,0x00000000ff2a0000)
 ParOldGen       total 109760K, used 90630K [0x00000000e8000000, 0x00000000eeb30000, 0x00000000fa000000)
  object space 109760K, 82% used [0x00000000e8000000,0x00000000ed8819a0,0x00000000eeb30000)
 PSPermGen       total 114624K, used 62131K [0x00000000e0000000, 0x00000000e6ff0000, 0x00000000e8000000)
  object space 114624K, 54% used [0x00000000e0000000,0x00000000e3cacf68,0x00000000e6ff0000)
Event: 3257.048 GC heap after
Heap after GC invocations=102 (full 5):
 PSYoungGen      total 69824K, used 238K [0x00000000fa000000, 0x00000000ffb10000, 0x0000000100000000)
  eden space 69568K, 0% used [0x00000000fa000000,0x00000000fa000000,0x00000000fe3f0000)
  from space 256K, 93% used [0x00000000fe6a0000,0x00000000fe6db908,0x00000000fe6e0000)
  to   space 11840K, 0% used [0x00000000fef80000,0x00000000fef80000,0x00000000ffb10000)
 ParOldGen       total 109760K, used 90630K [0x00000000e8000000, 0x00000000eeb30000, 0x00000000fa000000)
  object space 109760K, 82% used [0x00000000e8000000,0x00000000ed8819a0,0x00000000eeb30000)
 PSPermGen       total 114624K, used 62131K [0x00000000e0000000, 0x00000000e6ff0000, 0x00000000e8000000)
  object space 114624K, 54% used [0x00000000e0000000,0x00000000e3cacf68,0x00000000e6ff0000)
}
Event: 3310.150 GC heap before
{Heap before GC invocations=103 (full 5):
 PSYoungGen      total 69824K, used 69806K [0x00000000fa000000, 0x00000000ffb10000, 0x0000000100000000)
  eden space 69568K, 100% used [0x00000000fa000000,0x00000000fe3f0000,0x00000000fe3f0000)
  from space 256K, 93% used [0x00000000fe6a0000,0x00000000fe6db908,0x00000000fe6e0000)
  to   space 11840K, 0% used [0x00000000fef80000,0x00000000fef80000,0x00000000ffb10000)
 ParOldGen       total 109760K, used 90630K [0x00000000e8000000, 0x00000000eeb30000, 0x00000000fa000000)
  object space 109760K, 82% used [0x00000000e8000000,0x00000000ed8819a0,0x00000000eeb30000)
 PSPermGen       total 114624K, used 62134K [0x00000000e0000000, 0x00000000e6ff0000, 0x00000000e8000000)
  object space 114624K, 54% used [0x00000000e0000000,0x00000000e3cad958,0x00000000e6ff0000)
Event: 3310.153 GC heap after
Heap after GC invocations=103 (full 5):
 PSYoungGen      total 74880K, used 1252K [0x00000000fa000000, 0x00000000ff740000, 0x0000000100000000)
  eden space 66944K, 0% used [0x00000000fa000000,0x00000000fa000000,0x00000000fe160000)
  from space 7936K, 15% used [0x00000000fef80000,0x00000000ff0b9338,0x00000000ff740000)
  to   space 11200K, 0% used [0x00000000fe160000,0x00000000fe160000,0x00000000fec50000)
 ParOldGen       total 109760K, used 90630K [0x00000000e8000000, 0x00000000eeb30000, 0x00000000fa000000)
  object space 109760K, 82% used [0x00000000e8000000,0x00000000ed8819a0,0x00000000eeb30000)
 PSPermGen       total 114624K, used 62134K [0x00000000e0000000, 0x00000000e6ff0000, 0x00000000e8000000)
  object space 114624K, 54% used [0x00000000e0000000,0x00000000e3cad958,0x00000000e6ff0000)
}

