# JRE version: 7.0_11-b21
# Java VM: Java HotSpot(TM) 64-Bit Server VM (23.6-b04 mixed mode windows-amd64 compressed oops)
Heap
 PSYoungGen      total 15744K, used 12644K [0x00000000fa000000, 0x00000000fc090000, 0x0000000100000000)
  eden space 15296K, 79% used [0x00000000fa000000,0x00000000fabeae98,0x00000000faef0000)
  from space 448K, 98% used [0x00000000faf20000,0x00000000faf8e2d8,0x00000000faf90000)
  to   space 9024K, 0% used [0x00000000fb7c0000,0x00000000fb7c0000,0x00000000fc090000)
 ParOldGen       total 156864K, used 131261K [0x00000000e8000000, 0x00000000f1930000, 0x00000000fa000000)
  object space 156864K, 83% used [0x00000000e8000000,0x00000000f002f450,0x00000000f1930000)
 PSPermGen       total 113152K, used 61402K [0x00000000e0000000, 0x00000000e6e80000, 0x00000000e8000000)
  object space 113152K, 54% used [0x00000000e0000000,0x00000000e3bf6ad0,0x00000000e6e80000)
GC Heap History (10 events):
Event: 77142.918 GC heap before
{Heap before GC invocations=1660 (full 5):
 PSYoungGen      total 15936K, used 15796K [0x00000000fa000000, 0x00000000fb000000, 0x0000000100000000)
  eden space 15488K, 100% used [0x00000000fa000000,0x00000000faf20000,0x00000000faf20000)
  from space 448K, 68% used [0x00000000faf90000,0x00000000fafdd0d0,0x00000000fb000000)
  to   space 448K, 0% used [0x00000000faf20000,0x00000000faf20000,0x00000000faf90000)
 ParOldGen       total 156864K, used 108138K [0x00000000e8000000, 0x00000000f1930000, 0x00000000fa000000)
  object space 156864K, 68% used [0x00000000e8000000,0x00000000ee99ab50,0x00000000f1930000)
 PSPermGen       total 113152K, used 61402K [0x00000000e0000000, 0x00000000e6e80000, 0x00000000e8000000)
  object space 113152K, 54% used [0x00000000e0000000,0x00000000e3bf6a90,0x00000000e6e80000)
Event: 77142.924 GC heap after
Heap after GC invocations=1660 (full 5):
 PSYoungGen      total 15936K, used 296K [0x00000000fa000000, 0x00000000fb000000, 0x0000000100000000)
  eden space 15488K, 0% used [0x00000000fa000000,0x00000000fa000000,0x00000000faf20000)
  from space 448K, 66% used [0x00000000faf20000,0x00000000faf6a1a0,0x00000000faf90000)
  to   space 384K, 0% used [0x00000000fafa0000,0x00000000fafa0000,0x00000000fb000000)
 ParOldGen       total 156864K, used 108162K [0x00000000e8000000, 0x00000000f1930000, 0x00000000fa000000)
  object space 156864K, 68% used [0x00000000e8000000,0x00000000ee9a0b50,0x00000000f1930000)
 PSPermGen       total 113152K, used 61402K [0x00000000e0000000, 0x00000000e6e80000, 0x00000000e8000000)
  object space 113152K, 54% used [0x00000000e0000000,0x00000000e3bf6a90,0x00000000e6e80000)
}
Event: 77148.909 GC heap before
{Heap before GC invocations=1661 (full 5):
 PSYoungGen      total 15936K, used 15784K [0x00000000fa000000, 0x00000000fb000000, 0x0000000100000000)
  eden space 15488K, 100% used [0x00000000fa000000,0x00000000faf20000,0x00000000faf20000)
  from space 448K, 66% used [0x00000000faf20000,0x00000000faf6a1a0,0x00000000faf90000)
  to   space 384K, 0% used [0x00000000fafa0000,0x00000000fafa0000,0x00000000fb000000)
 ParOldGen       total 156864K, used 108162K [0x00000000e8000000, 0x00000000f1930000, 0x00000000fa000000)
  object space 156864K, 68% used [0x00000000e8000000,0x00000000ee9a0b50,0x00000000f1930000)
 PSPermGen       total 113152K, used 61402K [0x00000000e0000000, 0x00000000e6e80000, 0x00000000e8000000)
  object space 113152K, 54% used [0x00000000e0000000,0x00000000e3bf6a90,0x00000000e6e80000)
Event: 77148.911 GC heap after
Heap after GC invocations=1661 (full 5):
 PSYoungGen      total 15872K, used 357K [0x00000000fa000000, 0x00000000fb000000, 0x0000000100000000)
  eden space 15488K, 0% used [0x00000000fa000000,0x00000000fa000000,0x00000000faf20000)
  from space 384K, 93% used [0x00000000fafa0000,0x00000000faff9708,0x00000000fb000000)
  to   space 448K, 0% used [0x00000000faf20000,0x00000000faf20000,0x00000000faf90000)
 ParOldGen       total 156864K, used 108170K [0x00000000e8000000, 0x00000000f1930000, 0x00000000fa000000)
  object space 156864K, 68% used [0x00000000e8000000,0x00000000ee9a2b50,0x00000000f1930000)
 PSPermGen       total 113152K, used 61402K [0x00000000e0000000, 0x00000000e6e80000, 0x00000000e8000000)
  object space 113152K, 54% used [0x00000000e0000000,0x00000000e3bf6a90,0x00000000e6e80000)
}
Event: 77160.790 GC heap before
{Heap before GC invocations=1662 (full 5):
 PSYoungGen      total 15872K, used 15845K [0x00000000fa000000, 0x00000000fb000000, 0x0000000100000000)
  eden space 15488K, 100% used [0x00000000fa000000,0x00000000faf20000,0x00000000faf20000)
  from space 384K, 93% used [0x00000000fafa0000,0x00000000faff9708,0x00000000fb000000)
  to   space 448K, 0% used [0x00000000faf20000,0x00000000faf20000,0x00000000faf90000)
 ParOldGen       total 156864K, used 108170K [0x00000000e8000000, 0x00000000f1930000, 0x00000000fa000000)
  object space 156864K, 68% used [0x00000000e8000000,0x00000000ee9a2b50,0x00000000f1930000)
 PSPermGen       total 113152K, used 61402K [0x00000000e0000000, 0x00000000e6e80000, 0x00000000e8000000)
  object space 113152K, 54% used [0x00000000e0000000,0x00000000e3bf6a90,0x00000000e6e80000)
Event: 77160.793 GC heap after
Heap after GC invocations=1662 (full 5):
 PSYoungGen      total 15936K, used 421K [0x00000000fa000000, 0x00000000fb000000, 0x0000000100000000)
  eden space 15488K, 0% used [0x00000000fa000000,0x00000000fa000000,0x00000000faf20000)
  from space 448K, 94% used [0x00000000faf20000,0x00000000faf89708,0x00000000faf90000)
  to   space 448K, 0% used [0x00000000faf90000,0x00000000faf90000,0x00000000fb000000)
 ParOldGen       total 156864K, used 108170K [0x00000000e8000000, 0x00000000f1930000, 0x00000000fa000000)
  object space 156864K, 68% used [0x00000000e8000000,0x00000000ee9a2b50,0x00000000f1930000)
 PSPermGen       total 113152K, used 61402K [0x00000000e0000000, 0x00000000e6e80000, 0x00000000e8000000)
  object space 113152K, 54% used [0x00000000e0000000,0x00000000e3bf6a90,0x00000000e6e80000)
}
Event: 77176.979 GC heap before
{Heap before GC invocations=1663 (full 5):
 PSYoungGen      total 15936K, used 11702K [0x00000000fa000000, 0x00000000fb000000, 0x0000000100000000)
  eden space 15488K, 72% used [0x00000000fa000000,0x00000000fab041b0,0x00000000faf20000)
  from space 448K, 94% used [0x00000000faf20000,0x00000000faf89708,0x00000000faf90000)
  to   space 448K, 0% used [0x00000000faf90000,0x00000000faf90000,0x00000000fb000000)
 ParOldGen       total 156864K, used 108170K [0x00000000e8000000, 0x00000000f1930000, 0x00000000fa000000)
  object space 156864K, 68% used [0x00000000e8000000,0x00000000ee9a2b50,0x00000000f1930000)
 PSPermGen       total 113152K, used 61402K [0x00000000e0000000, 0x00000000e6e80000, 0x00000000e8000000)
  object space 113152K, 54% used [0x00000000e0000000,0x00000000e3bf6ab0,0x00000000e6e80000)
Event: 77177.000 GC heap after
Heap after GC invocations=1663 (full 5):
 PSYoungGen      total 15936K, used 357K [0x00000000fa000000, 0x00000000fb000000, 0x0000000100000000)
  eden space 15488K, 0% used [0x00000000fa000000,0x00000000fa000000,0x00000000faf20000)
  from space 448K, 79% used [0x00000000faf90000,0x00000000fafe9708,0x00000000fb000000)
  to   space 448K, 0% used [0x00000000faf20000,0x00000000faf20000,0x00000000faf90000)
 ParOldGen       total 156864K, used 108170K [0x00000000e8000000, 0x00000000f1930000, 0x00000000fa000000)
  object space 156864K, 68% used [0x00000000e8000000,0x00000000ee9a2b50,0x00000000f1930000)
 PSPermGen       total 113152K, used 61402K [0x00000000e0000000, 0x00000000e6e80000, 0x00000000e8000000)
  object space 113152K, 54% used [0x00000000e0000000,0x00000000e3bf6ab0,0x00000000e6e80000)
}
Event: 77181.790 GC heap before
{Heap before GC invocations=1664 (full 5):
 PSYoungGen      total 15936K, used 15845K [0x00000000fa000000, 0x00000000fb000000, 0x0000000100000000)
  eden space 15488K, 100% used [0x00000000fa000000,0x00000000faf20000,0x00000000faf20000)
  from space 448K, 79% used [0x00000000faf90000,0x00000000fafe9708,0x00000000fb000000)
  to   space 448K, 0% used [0x00000000faf20000,0x00000000faf20000,0x00000000faf90000)
 ParOldGen       total 156864K, used 108170K [0x00000000e8000000, 0x00000000f1930000, 0x00000000fa000000)
  object space 156864K, 68% used [0x00000000e8000000,0x00000000ee9a2b50,0x00000000f1930000)
 PSPermGen       total 113152K, used 61402K [0x00000000e0000000, 0x00000000e6e80000, 0x00000000e8000000)
  object space 113152K, 54% used [0x00000000e0000000,0x00000000e3bf6ab0,0x00000000e6e80000)
Event: 77181.814 GC heap after
Heap after GC invocations=1664 (full 5):
 PSYoungGen      total 15744K, used 440K [0x00000000fa000000, 0x00000000fc090000, 0x0000000100000000)
  eden space 15296K, 0% used [0x00000000fa000000,0x00000000fa000000,0x00000000faef0000)
  from space 448K, 98% used [0x00000000faf20000,0x00000000faf8e2d8,0x00000000faf90000)
  to   space 9024K, 0% used [0x00000000fb7c0000,0x00000000fb7c0000,0x00000000fc090000)
 ParOldGen       total 156864K, used 131261K [0x00000000e8000000, 0x00000000f1930000, 0x00000000fa000000)
  object space 156864K, 83% used [0x00000000e8000000,0x00000000f002f450,0x00000000f1930000)
 PSPermGen       total 113152K, used 61402K [0x00000000e0000000, 0x00000000e6e80000, 0x00000000e8000000)
  object space 113152K, 54% used [0x00000000e0000000,0x00000000e3bf6ab0,0x00000000e6e80000)
}

