# JRE version: 7.0_11-b21
# Java VM: Java HotSpot(TM) 64-Bit Server VM (23.6-b04 mixed mode windows-amd64 compressed oops)
Heap
 PSYoungGen      total 70144K, used 12850K [0x00000000fa000000, 0x00000000ff5f0000, 0x0000000100000000)
  eden space 69760K, 17% used [0x00000000fa000000,0x00000000fac32ad0,0x00000000fe420000)
  from space 384K, 93% used [0x00000000fecd0000,0x00000000fed29f60,0x00000000fed30000)
  to   space 8896K, 0% used [0x00000000fe420000,0x00000000fe420000,0x00000000fecd0000)
 ParOldGen       total 145152K, used 118438K [0x00000000e8000000, 0x00000000f0dc0000, 0x00000000fa000000)
  object space 145152K, 81% used [0x00000000e8000000,0x00000000ef3a9ab0,0x00000000f0dc0000)
 PSPermGen       total 110144K, used 61977K [0x00000000e0000000, 0x00000000e6b90000, 0x00000000e8000000)
  object space 110144K, 56% used [0x00000000e0000000,0x00000000e3c86558,0x00000000e6b90000)
GC Heap History (10 events):
Event: 23668.375 GC heap before
{Heap before GC invocations=320 (full 6):
 PSYoungGen      total 76928K, used 76928K [0x00000000fa000000, 0x00000000feda0000, 0x0000000100000000)
  eden space 76672K, 100% used [0x00000000fa000000,0x00000000feae0000,0x00000000feae0000)
  from space 256K, 100% used [0x00000000fed30000,0x00000000fed70000,0x00000000fed70000)
  to   space 192K, 0% used [0x00000000fed70000,0x00000000fed70000,0x00000000feda0000)
 ParOldGen       total 145152K, used 95436K [0x00000000e8000000, 0x00000000f0dc0000, 0x00000000fa000000)
  object space 145152K, 65% used [0x00000000e8000000,0x00000000edd33080,0x00000000f0dc0000)
 PSPermGen       total 110144K, used 61966K [0x00000000e0000000, 0x00000000e6b90000, 0x00000000e8000000)
  object space 110144K, 56% used [0x00000000e0000000,0x00000000e3c83b38,0x00000000e6b90000)
Event: 23668.378 GC heap after
Heap after GC invocations=320 (full 6):
 PSYoungGen      total 74560K, used 192K [0x00000000fa000000, 0x00000000feda0000, 0x0000000100000000)
  eden space 74368K, 0% used [0x00000000fa000000,0x00000000fa000000,0x00000000fe8a0000)
  from space 192K, 100% used [0x00000000fed70000,0x00000000feda0000,0x00000000feda0000)
  to   space 384K, 0% used [0x00000000fece0000,0x00000000fece0000,0x00000000fed40000)
 ParOldGen       total 145152K, used 95436K [0x00000000e8000000, 0x00000000f0dc0000, 0x00000000fa000000)
  object space 145152K, 65% used [0x00000000e8000000,0x00000000edd33080,0x00000000f0dc0000)
 PSPermGen       total 110144K, used 61966K [0x00000000e0000000, 0x00000000e6b90000, 0x00000000e8000000)
  object space 110144K, 56% used [0x00000000e0000000,0x00000000e3c83b38,0x00000000e6b90000)
}
Event: 23797.257 GC heap before
{Heap before GC invocations=321 (full 6):
 PSYoungGen      total 74560K, used 74560K [0x00000000fa000000, 0x00000000feda0000, 0x0000000100000000)
  eden space 74368K, 100% used [0x00000000fa000000,0x00000000fe8a0000,0x00000000fe8a0000)
  from space 192K, 100% used [0x00000000fed70000,0x00000000feda0000,0x00000000feda0000)
  to   space 384K, 0% used [0x00000000fece0000,0x00000000fece0000,0x00000000fed40000)
 ParOldGen       total 145152K, used 95436K [0x00000000e8000000, 0x00000000f0dc0000, 0x00000000fa000000)
  object space 145152K, 65% used [0x00000000e8000000,0x00000000edd33080,0x00000000f0dc0000)
 PSPermGen       total 110144K, used 61966K [0x00000000e0000000, 0x00000000e6b90000, 0x00000000e8000000)
  object space 110144K, 56% used [0x00000000e0000000,0x00000000e3c83b38,0x00000000e6b90000)
Event: 23797.264 GC heap after
Heap after GC invocations=321 (full 6):
 PSYoungGen      total 72384K, used 192K [0x00000000fa000000, 0x00000000fed80000, 0x0000000100000000)
  eden space 72192K, 0% used [0x00000000fa000000,0x00000000fa000000,0x00000000fe680000)
  from space 192K, 100% used [0x00000000fece0000,0x00000000fed10000,0x00000000fed10000)
  to   space 384K, 0% used [0x00000000fed20000,0x00000000fed20000,0x00000000fed80000)
 ParOldGen       total 145152K, used 95436K [0x00000000e8000000, 0x00000000f0dc0000, 0x00000000fa000000)
  object space 145152K, 65% used [0x00000000e8000000,0x00000000edd33080,0x00000000f0dc0000)
 PSPermGen       total 110144K, used 61966K [0x00000000e0000000, 0x00000000e6b90000, 0x00000000e8000000)
  object space 110144K, 56% used [0x00000000e0000000,0x00000000e3c83b38,0x00000000e6b90000)
}
Event: 23917.278 GC heap before
{Heap before GC invocations=322 (full 6):
 PSYoungGen      total 72384K, used 72384K [0x00000000fa000000, 0x00000000fed80000, 0x0000000100000000)
  eden space 72192K, 100% used [0x00000000fa000000,0x00000000fe680000,0x00000000fe680000)
  from space 192K, 100% used [0x00000000fece0000,0x00000000fed10000,0x00000000fed10000)
  to   space 384K, 0% used [0x00000000fed20000,0x00000000fed20000,0x00000000fed80000)
 ParOldGen       total 145152K, used 95436K [0x00000000e8000000, 0x00000000f0dc0000, 0x00000000fa000000)
  object space 145152K, 65% used [0x00000000e8000000,0x00000000edd33080,0x00000000f0dc0000)
 PSPermGen       total 110144K, used 61966K [0x00000000e0000000, 0x00000000e6b90000, 0x00000000e8000000)
  object space 110144K, 56% used [0x00000000e0000000,0x00000000e3c83b38,0x00000000e6b90000)
Event: 23917.282 GC heap after
Heap after GC invocations=322 (full 6):
 PSYoungGen      total 70272K, used 192K [0x00000000fa000000, 0x00000000fed50000, 0x0000000100000000)
  eden space 70080K, 0% used [0x00000000fa000000,0x00000000fa000000,0x00000000fe470000)
  from space 192K, 100% used [0x00000000fed20000,0x00000000fed50000,0x00000000fed50000)
  to   space 384K, 0% used [0x00000000fec90000,0x00000000fec90000,0x00000000fecf0000)
 ParOldGen       total 145152K, used 95436K [0x00000000e8000000, 0x00000000f0dc0000, 0x00000000fa000000)
  object space 145152K, 65% used [0x00000000e8000000,0x00000000edd33080,0x00000000f0dc0000)
 PSPermGen       total 110144K, used 61966K [0x00000000e0000000, 0x00000000e6b90000, 0x00000000e8000000)
  object space 110144K, 56% used [0x00000000e0000000,0x00000000e3c83b38,0x00000000e6b90000)
}
Event: 24037.266 GC heap before
{Heap before GC invocations=323 (full 6):
 PSYoungGen      total 70272K, used 70272K [0x00000000fa000000, 0x00000000fed50000, 0x0000000100000000)
  eden space 70080K, 100% used [0x00000000fa000000,0x00000000fe470000,0x00000000fe470000)
  from space 192K, 100% used [0x00000000fed20000,0x00000000fed50000,0x00000000fed50000)
  to   space 384K, 0% used [0x00000000fec90000,0x00000000fec90000,0x00000000fecf0000)
 ParOldGen       total 145152K, used 95436K [0x00000000e8000000, 0x00000000f0dc0000, 0x00000000fa000000)
  object space 145152K, 65% used [0x00000000e8000000,0x00000000edd33080,0x00000000f0dc0000)
 PSPermGen       total 110144K, used 61966K [0x00000000e0000000, 0x00000000e6b90000, 0x00000000e8000000)
  object space 110144K, 56% used [0x00000000e0000000,0x00000000e3c83b38,0x00000000e6b90000)
Event: 24037.269 GC heap after
Heap after GC invocations=323 (full 6):
 PSYoungGen      total 68352K, used 224K [0x00000000fa000000, 0x00000000fed30000, 0x0000000100000000)
  eden space 68096K, 0% used [0x00000000fa000000,0x00000000fa000000,0x00000000fe280000)
  from space 256K, 87% used [0x00000000fec90000,0x00000000fecc8000,0x00000000fecd0000)
  to   space 384K, 0% used [0x00000000fecd0000,0x00000000fecd0000,0x00000000fed30000)
 ParOldGen       total 145152K, used 95436K [0x00000000e8000000, 0x00000000f0dc0000, 0x00000000fa000000)
  object space 145152K, 65% used [0x00000000e8000000,0x00000000edd33080,0x00000000f0dc0000)
 PSPermGen       total 110144K, used 61966K [0x00000000e0000000, 0x00000000e6b90000, 0x00000000e8000000)
  object space 110144K, 56% used [0x00000000e0000000,0x00000000e3c83b38,0x00000000e6b90000)
}
Event: 24127.571 GC heap before
{Heap before GC invocations=324 (full 6):
 PSYoungGen      total 68352K, used 68320K [0x00000000fa000000, 0x00000000fed30000, 0x0000000100000000)
  eden space 68096K, 100% used [0x00000000fa000000,0x00000000fe280000,0x00000000fe280000)
  from space 256K, 87% used [0x00000000fec90000,0x00000000fecc8000,0x00000000fecd0000)
  to   space 384K, 0% used [0x00000000fecd0000,0x00000000fecd0000,0x00000000fed30000)
 ParOldGen       total 145152K, used 95436K [0x00000000e8000000, 0x00000000f0dc0000, 0x00000000fa000000)
  object space 145152K, 65% used [0x00000000e8000000,0x00000000edd33080,0x00000000f0dc0000)
 PSPermGen       total 110144K, used 61977K [0x00000000e0000000, 0x00000000e6b90000, 0x00000000e8000000)
  object space 110144K, 56% used [0x00000000e0000000,0x00000000e3c86558,0x00000000e6b90000)
Event: 24129.313 GC heap after
Heap after GC invocations=324 (full 6):
 PSYoungGen      total 70144K, used 359K [0x00000000fa000000, 0x00000000ff5f0000, 0x0000000100000000)
  eden space 69760K, 0% used [0x00000000fa000000,0x00000000fa000000,0x00000000fe420000)
  from space 384K, 93% used [0x00000000fecd0000,0x00000000fed29f60,0x00000000fed30000)
  to   space 8896K, 0% used [0x00000000fe420000,0x00000000fe420000,0x00000000fecd0000)
 ParOldGen       total 145152K, used 118438K [0x00000000e8000000, 0x00000000f0dc0000, 0x00000000fa000000)
  object space 145152K, 81% used [0x00000000e8000000,0x00000000ef3a9ab0,0x00000000f0dc0000)
 PSPermGen       total 110144K, used 61977K [0x00000000e0000000, 0x00000000e6b90000, 0x00000000e8000000)
  object space 110144K, 56% used [0x00000000e0000000,0x00000000e3c86558,0x00000000e6b90000)
}

