# JRE version: 7.0_11-b21
# Java VM: Java HotSpot(TM) 64-Bit Server VM (23.6-b04 mixed mode windows-amd64 compressed oops)
Heap
 PSYoungGen      total 88768K, used 75589K [0x00000000fa000000, 0x00000000ff8a0000, 0x0000000100000000)
  eden space 87360K, 84% used [0x00000000fa000000,0x00000000fe871950,0x00000000ff550000)
  from space 1408K, 99% used [0x00000000ff550000,0x00000000ff6afe08,0x00000000ff6b0000)
  to   space 1664K, 0% used [0x00000000ff700000,0x00000000ff700000,0x00000000ff8a0000)
 ParOldGen       total 277952K, used 220479K [0x00000000e8000000, 0x00000000f8f70000, 0x00000000fa000000)
  object space 277952K, 79% used [0x00000000e8000000,0x00000000f574fd38,0x00000000f8f70000)
 PSPermGen       total 105920K, used 72437K [0x00000000e0000000, 0x00000000e6770000, 0x00000000e8000000)
  object space 105920K, 68% used [0x00000000e0000000,0x00000000e46bd428,0x00000000e6770000)
GC Heap History (10 events):
Event: 171288.715 GC heap before
{Heap before GC invocations=2822 (full 7):
 PSYoungGen      total 88512K, used 88320K [0x00000000fa000000, 0x00000000ff720000, 0x0000000100000000)
  eden space 87808K, 100% used [0x00000000fa000000,0x00000000ff5c0000,0x00000000ff5c0000)
  from space 704K, 72% used [0x00000000ff670000,0x00000000ff6f0000,0x00000000ff720000)
  to   space 704K, 0% used [0x00000000ff5c0000,0x00000000ff5c0000,0x00000000ff670000)
 ParOldGen       total 277952K, used 218707K [0x00000000e8000000, 0x00000000f8f70000, 0x00000000fa000000)
  object space 277952K, 78% used [0x00000000e8000000,0x00000000f5594dd0,0x00000000f8f70000)
 PSPermGen       total 105920K, used 71728K [0x00000000e0000000, 0x00000000e6770000, 0x00000000e8000000)
  object space 105920K, 67% used [0x00000000e0000000,0x00000000e460c380,0x00000000e6770000)
Event: 171288.718 GC heap after
Heap after GC invocations=2822 (full 7):
 PSYoungGen      total 88512K, used 544K [0x00000000fa000000, 0x00000000ff730000, 0x0000000100000000)
  eden space 87808K, 0% used [0x00000000fa000000,0x00000000fa000000,0x00000000ff5c0000)
  from space 704K, 77% used [0x00000000ff5c0000,0x00000000ff648000,0x00000000ff670000)
  to   space 704K, 0% used [0x00000000ff680000,0x00000000ff680000,0x00000000ff730000)
 ParOldGen       total 277952K, used 218715K [0x00000000e8000000, 0x00000000f8f70000, 0x00000000fa000000)
  object space 277952K, 78% used [0x00000000e8000000,0x00000000f5596dd0,0x00000000f8f70000)
 PSPermGen       total 105920K, used 71728K [0x00000000e0000000, 0x00000000e6770000, 0x00000000e8000000)
  object space 105920K, 67% used [0x00000000e0000000,0x00000000e460c380,0x00000000e6770000)
}
Event: 171385.041 GC heap before
{Heap before GC invocations=2823 (full 7):
 PSYoungGen      total 88512K, used 88352K [0x00000000fa000000, 0x00000000ff730000, 0x0000000100000000)
  eden space 87808K, 100% used [0x00000000fa000000,0x00000000ff5c0000,0x00000000ff5c0000)
  from space 704K, 77% used [0x00000000ff5c0000,0x00000000ff648000,0x00000000ff670000)
  to   space 704K, 0% used [0x00000000ff680000,0x00000000ff680000,0x00000000ff730000)
 ParOldGen       total 277952K, used 218715K [0x00000000e8000000, 0x00000000f8f70000, 0x00000000fa000000)
  object space 277952K, 78% used [0x00000000e8000000,0x00000000f5596dd0,0x00000000f8f70000)
 PSPermGen       total 105920K, used 71728K [0x00000000e0000000, 0x00000000e6770000, 0x00000000e8000000)
  object space 105920K, 67% used [0x00000000e0000000,0x00000000e460c380,0x00000000e6770000)
Event: 171385.044 GC heap after
Heap after GC invocations=2823 (full 7):
 PSYoungGen      total 88576K, used 480K [0x00000000fa000000, 0x00000000ff730000, 0x0000000100000000)
  eden space 87872K, 0% used [0x00000000fa000000,0x00000000fa000000,0x00000000ff5d0000)
  from space 704K, 68% used [0x00000000ff680000,0x00000000ff6f8000,0x00000000ff730000)
  to   space 704K, 0% used [0x00000000ff5d0000,0x00000000ff5d0000,0x00000000ff680000)
 ParOldGen       total 277952K, used 218723K [0x00000000e8000000, 0x00000000f8f70000, 0x00000000fa000000)
  object space 277952K, 78% used [0x00000000e8000000,0x00000000f5598dd0,0x00000000f8f70000)
 PSPermGen       total 105920K, used 71728K [0x00000000e0000000, 0x00000000e6770000, 0x00000000e8000000)
  object space 105920K, 67% used [0x00000000e0000000,0x00000000e460c380,0x00000000e6770000)
}
Event: 171471.843 GC heap before
{Heap before GC invocations=2824 (full 7):
 PSYoungGen      total 88576K, used 88352K [0x00000000fa000000, 0x00000000ff730000, 0x0000000100000000)
  eden space 87872K, 100% used [0x00000000fa000000,0x00000000ff5d0000,0x00000000ff5d0000)
  from space 704K, 68% used [0x00000000ff680000,0x00000000ff6f8000,0x00000000ff730000)
  to   space 704K, 0% used [0x00000000ff5d0000,0x00000000ff5d0000,0x00000000ff680000)
 ParOldGen       total 277952K, used 218723K [0x00000000e8000000, 0x00000000f8f70000, 0x00000000fa000000)
  object space 277952K, 78% used [0x00000000e8000000,0x00000000f5598dd0,0x00000000f8f70000)
 PSPermGen       total 105920K, used 71728K [0x00000000e0000000, 0x00000000e6770000, 0x00000000e8000000)
  object space 105920K, 67% used [0x00000000e0000000,0x00000000e460c380,0x00000000e6770000)
Event: 171471.847 GC heap after
Heap after GC invocations=2824 (full 7):
 PSYoungGen      total 88576K, used 698K [0x00000000fa000000, 0x00000000ff780000, 0x0000000100000000)
  eden space 87872K, 0% used [0x00000000fa000000,0x00000000fa000000,0x00000000ff5d0000)
  from space 704K, 99% used [0x00000000ff5d0000,0x00000000ff67ea50,0x00000000ff680000)
  to   space 832K, 0% used [0x00000000ff6b0000,0x00000000ff6b0000,0x00000000ff780000)
 ParOldGen       total 277952K, used 218954K [0x00000000e8000000, 0x00000000f8f70000, 0x00000000fa000000)
  object space 277952K, 78% used [0x00000000e8000000,0x00000000f55d2a98,0x00000000f8f70000)
 PSPermGen       total 105920K, used 71728K [0x00000000e0000000, 0x00000000e6770000, 0x00000000e8000000)
  object space 105920K, 67% used [0x00000000e0000000,0x00000000e460c380,0x00000000e6770000)
}
Event: 171524.262 GC heap before
{Heap before GC invocations=2825 (full 7):
 PSYoungGen      total 88576K, used 88570K [0x00000000fa000000, 0x00000000ff780000, 0x0000000100000000)
  eden space 87872K, 100% used [0x00000000fa000000,0x00000000ff5d0000,0x00000000ff5d0000)
  from space 704K, 99% used [0x00000000ff5d0000,0x00000000ff67ea50,0x00000000ff680000)
  to   space 832K, 0% used [0x00000000ff6b0000,0x00000000ff6b0000,0x00000000ff780000)
 ParOldGen       total 277952K, used 218954K [0x00000000e8000000, 0x00000000f8f70000, 0x00000000fa000000)
  object space 277952K, 78% used [0x00000000e8000000,0x00000000f55d2a98,0x00000000f8f70000)
 PSPermGen       total 105920K, used 71728K [0x00000000e0000000, 0x00000000e6770000, 0x00000000e8000000)
  object space 105920K, 67% used [0x00000000e0000000,0x00000000e460c380,0x00000000e6770000)
Event: 171524.267 GC heap after
Heap after GC invocations=2825 (full 7):
 PSYoungGen      total 88192K, used 832K [0x00000000fa000000, 0x00000000ff8a0000, 0x0000000100000000)
  eden space 87360K, 0% used [0x00000000fa000000,0x00000000fa000000,0x00000000ff550000)
  from space 832K, 100% used [0x00000000ff6b0000,0x00000000ff780000,0x00000000ff780000)
  to   space 1408K, 0% used [0x00000000ff550000,0x00000000ff550000,0x00000000ff6b0000)
 ParOldGen       total 277952K, used 220195K [0x00000000e8000000, 0x00000000f8f70000, 0x00000000fa000000)
  object space 277952K, 79% used [0x00000000e8000000,0x00000000f5708ca0,0x00000000f8f70000)
 PSPermGen       total 105920K, used 71728K [0x00000000e0000000, 0x00000000e6770000, 0x00000000e8000000)
  object space 105920K, 67% used [0x00000000e0000000,0x00000000e460c380,0x00000000e6770000)
}
Event: 171558.746 GC heap before
{Heap before GC invocations=2826 (full 7):
 PSYoungGen      total 88192K, used 88192K [0x00000000fa000000, 0x00000000ff8a0000, 0x0000000100000000)
  eden space 87360K, 100% used [0x00000000fa000000,0x00000000ff550000,0x00000000ff550000)
  from space 832K, 100% used [0x00000000ff6b0000,0x00000000ff780000,0x00000000ff780000)
  to   space 1408K, 0% used [0x00000000ff550000,0x00000000ff550000,0x00000000ff6b0000)
 ParOldGen       total 277952K, used 220195K [0x00000000e8000000, 0x00000000f8f70000, 0x00000000fa000000)
  object space 277952K, 79% used [0x00000000e8000000,0x00000000f5708ca0,0x00000000f8f70000)
 PSPermGen       total 105920K, used 71889K [0x00000000e0000000, 0x00000000e6770000, 0x00000000e8000000)
  object space 105920K, 67% used [0x00000000e0000000,0x00000000e4634740,0x00000000e6770000)
Event: 171558.751 GC heap after
Heap after GC invocations=2826 (full 7):
 PSYoungGen      total 88768K, used 1407K [0x00000000fa000000, 0x00000000ff8a0000, 0x0000000100000000)
  eden space 87360K, 0% used [0x00000000fa000000,0x00000000fa000000,0x00000000ff550000)
  from space 1408K, 99% used [0x00000000ff550000,0x00000000ff6afe08,0x00000000ff6b0000)
  to   space 1664K, 0% used [0x00000000ff700000,0x00000000ff700000,0x00000000ff8a0000)
 ParOldGen       total 277952K, used 220479K [0x00000000e8000000, 0x00000000f8f70000, 0x00000000fa000000)
  object space 277952K, 79% used [0x00000000e8000000,0x00000000f574fd38,0x00000000f8f70000)
 PSPermGen       total 105920K, used 71889K [0x00000000e0000000, 0x00000000e6770000, 0x00000000e8000000)
  object space 105920K, 67% used [0x00000000e0000000,0x00000000e4634740,0x00000000e6770000)
}

